Build started 3/1/2011 6:21:22 PM.
     1>Project "C:\Users\Evgheni\Documents\GIT\GPC\Lab2OpenGL\Lab2OpenGL\Lab2OpenGL.vcxproj" on node 2 (build target(s)).
     1>InitializeBuildStatus:
         Creating "Release\Lab2OpenGL.unsuccessfulbuild" because "AlwaysCreate" was specified.
       ClCompile:
         C:\Program Files (x86)\Microsoft Visual Studio 10.0\VC\bin\CL.exe /c /Zi /nologo /W3 /WX- /O2 /Oi /Oy- /GL /D WIN32 /D NDEBUG /D _CONSOLE /D _UNICODE /D UNICODE /Gm- /EHsc /MD /GS /Gy /fp:precise /Zc:wchar_t /Zc:forScope /Fo"Release\\" /Fd"Release\vc100.pdb" /Gd /TP /analyze- /errorReport:prompt main.cpp
         main.cpp
     1>main.cpp(149): warning C4101: 'b' : unreferenced local variable
     1>main.cpp(179): warning C4101: 'a' : unreferenced local variable
     1>main.cpp(179): warning C4101: 'b' : unreferenced local variable
     1>main.cpp(194): warning C4101: 'a' : unreferenced local variable
     1>main.cpp(194): warning C4101: 'b' : unreferenced local variable
     1>main.cpp(215): warning C4101: 'b' : unreferenced local variable
     1>main.cpp(215): warning C4101: 'R' : unreferenced local variable
     1>main.cpp(235): warning C4101: 'b' : unreferenced local variable
     1>main.cpp(235): warning C4101: 'R' : unreferenced local variable
       Link:
         C:\Program Files (x86)\Microsoft Visual Studio 10.0\VC\bin\link.exe /ERRORREPORT:PROMPT /OUT:"C:\Users\Evgheni\Documents\GIT\GPC\Lab2OpenGL\Release\Lab2OpenGL.exe" /INCREMENTAL:NO /NOLOGO kernel32.lib user32.lib gdi32.lib winspool.lib comdlg32.lib advapi32.lib shell32.lib ole32.lib oleaut32.lib uuid.lib odbc32.lib odbccp32.lib /MANIFEST /ManifestFile:"Release\Lab2OpenGL.exe.intermediate.manifest" /MANIFESTUAC:"level='asInvoker' uiAccess='false'" /DEBUG /PDB:"C:\Users\Evgheni\Documents\GIT\GPC\Lab2OpenGL\Release\Lab2OpenGL.pdb" /SUBSYSTEM:CONSOLE /OPT:REF /OPT:ICF /LTCG /TLBID:1 /DYNAMICBASE /NXCOMPAT /IMPLIB:"C:\Users\Evgheni\Documents\GIT\GPC\Lab2OpenGL\Release\Lab2OpenGL.lib" /MACHINE:X86 Release\main.obj
         Generating code
         Finished generating code
         Lab2OpenGL.vcxproj -> C:\Users\Evgheni\Documents\GIT\GPC\Lab2OpenGL\Release\Lab2OpenGL.exe
       Manifest:
         C:\Program Files (x86)\Microsoft SDKs\Windows\v7.0A\bin\mt.exe /nologo /verbose /outputresource:"C:\Users\Evgheni\Documents\GIT\GPC\Lab2OpenGL\Release\Lab2OpenGL.exe;#1" /manifest Release\Lab2OpenGL.exe.intermediate.manifest
       FinalizeBuildStatus:
         Deleting file "Release\Lab2OpenGL.unsuccessfulbuild".
         Touching "Release\Lab2OpenGL.lastbuildstate".
     1>Done Building Project "C:\Users\Evgheni\Documents\GIT\GPC\Lab2OpenGL\Lab2OpenGL\Lab2OpenGL.vcxproj" (build target(s)).

Build succeeded.

Time Elapsed 00:00:00.72
